2024-10-17T18:38:14.213469: Старт программы для пользователя: Admin
2024-10-17T18:38:14.213469: Запуск автотестов.
2024-10-17T18:38:14.213469: Автотесты завершены.
2024-10-17T18:38:19.932543500: Операция записи студентов в файл.
2024-10-17T18:38:24.187723100: Операция чтения студентов из файла.
2024-10-17T18:38:26.912922300: Запущены операции отладки.
2024-10-17T18:38:29.918121100: Операция записи студентов в файл.
2024-10-17T18:41:43.663212800: Старт программы для пользователя: Admin
2024-10-17T18:41:43.674273200: Запуск автотестов.
2024-10-17T18:41:43.677392900: Автотесты завершены.
2024-10-17T18:41:50.703066400: Операция записи студентов в файл.
2024-10-17T18:41:56.313241300: Завершение программы
2024-10-17T18:42:17.661620600: Старт программы для пользователя: Admin
2024-10-17T18:42:17.663185900: Запуск автотестов.
2024-10-17T18:42:17.666197300: Автотесты завершены.
2024-10-17T18:42:19.346115900: Операция чтения студентов из файла.
2024-10-17T18:48:11.954530100: Старт программы для пользователя: Admin
2024-10-17T18:48:11.962540500: Запуск автотестов.
2024-10-17T18:48:11.962540500: Автотесты завершены.
2024-10-17T18:48:16.122628800: Операция записи студентов в файл.
2024-10-17T18:48:21.362433400: Запущены операции отладки.
2024-10-17T18:48:25.513675400: Операция чтения студентов из файла.
2024-10-17T18:51:38.673488: Старт программы для пользователя: Admin
2024-10-17T18:51:38.678505300: Запуск автотестов.
2024-10-17T18:51:38.678505300: Автотесты завершены.
2024-10-17T18:51:44.943661: Операция записи студентов в файл.
2024-10-17T18:51:46.943399100: Операция чтения студентов из файла.
2024-10-17T18:51:53.398654800: Запущены операции отладки.
2024-10-17T18:51:54.753193300: Операция чтения студентов из файла.
2024-10-17T19:00:27.610823900: Старт программы для пользователя: Admin
2024-10-17T19:00:27.618362900: Запуск автотестов.
2024-10-17T19:00:27.618362900: Автотесты завершены.
2024-10-17T19:00:33.349525: Операция записи студентов в файл.
2024-10-17T19:00:35.420030900: Запущены операции отладки.
2024-10-17T19:00:36.388277100: Операция чтения студентов из файла.
